▲ Next.js 16.1.6 (Turbopack)
- Local:         http://localhost:3000
- Network:       http://10.235.254.161:3000
- Environments: .env.local
- Experiments (use with caution):
  · optimizePackageImports
  · serverActions

✓ Starting...
⚠ The "middleware" file convention is deprecated. Please use "proxy" instead. Learn more: https://nextjs.org/docs/messages/middleware-to-proxy
✓ Ready in 2.7s

-----
[1m[31mFATAL[39m[0m: An unexpected Turbopack error occurred. A panic log has been written to C:\Users\NIHALS~1\AppData\Local\Temp\next-panic-72cfee142e663aa99c8d3959837d512a.log.

To help make Turbopack better, report this error by clicking here: https://github.com/vercel/next.js/discussions/new?category=turbopack-error-report&title=Turbopack%20Error%3A%20Failed%20to%20write%20app%20endpoint%20%2Fpage&body=Turbopack%20version%3A%20%6023c46498%60%0ANext.js%20version%3A%20%600.0.0%60%0A%0AError%20message%3A%0A%60%60%60%0ATurbopack%20Error%3A%20Failed%20to%20write%20app%20endpoint%20%2Fpage%0A%60%60%60&labels=Turbopack,Turbopack%20Panic%20Backtrace
-----

 GET / 500 in 1565ms (compile: 731ms, proxy.ts: 189ms, render: 644ms)

-----
[1m[31mFATAL[39m[0m: An unexpected Turbopack error occurred. A panic log has been written to C:\Users\NIHALS~1\AppData\Local\Temp\next-panic-72cfee142e663aa99c8d3959837d512a.log.

To help make Turbopack better, report this error by clicking here: https://github.com/vercel/next.js/discussions/new?category=turbopack-error-report&title=Turbopack%20Error%3A%20Failed%20to%20write%20app%20endpoint%20%2Fpage&body=Turbopack%20version%3A%20%6023c46498%60%0ANext.js%20version%3A%20%600.0.0%60%0A%0AError%20message%3A%0A%60%60%60%0ATurbopack%20Error%3A%20Failed%20to%20write%20app%20endpoint%20%2Fpage%0A%60%60%60&labels=Turbopack,Turbopack%20Panic%20Backtrace
-----

 GET / 500 in 34ms (compile: 15ms, proxy.ts: 6ms, render: 13ms)
 GET /product/j1izatt9VWXv14pYWW6I 500 in 871ms (compile: 853ms, proxy.ts: 6ms, render: 13ms)

-----
[1m[31mFATAL[39m[0m: An unexpected Turbopack error occurred. A panic log has been written to C:\Users\NIHALS~1\AppData\Local\Temp\next-panic-72cfee142e663aa99c8d3959837d512a.log.

To help make Turbopack better, report this error by clicking here: https://github.com/vercel/next.js/discussions/new?category=turbopack-error-report&title=Turbopack%20Error%3A%20Failed%20to%20write%20app%20endpoint%20%2Fpage&body=Turbopack%20version%3A%20%6023c46498%60%0ANext.js%20version%3A%20%600.0.0%60%0A%0AError%20message%3A%0A%60%60%60%0ATurbopack%20Error%3A%20Failed%20to%20write%20app%20endpoint%20%2Fpage%0A%60%60%60&labels=Turbopack,Turbopack%20Panic%20Backtrace
-----

 GET / 500 in 102ms (compile: 40ms, proxy.ts: 8ms, render: 54ms)

-----
[1m[31mFATAL[39m[0m: An unexpected Turbopack error occurred. A panic log has been written to C:\Users\NIHALS~1\AppData\Local\Temp\next-panic-72cfee142e663aa99c8d3959837d512a.log.

To help make Turbopack better, report this error by clicking here: https://github.com/vercel/next.js/discussions/new?category=turbopack-error-report&title=Turbopack%20Error%3A%20Failed%20to%20write%20app%20endpoint%20%2Fpage&body=Turbopack%20version%3A%20%6023c46498%60%0ANext.js%20version%3A%20%600.0.0%60%0A%0AError%20message%3A%0A%60%60%60%0ATurbopack%20Error%3A%20Failed%20to%20write%20app%20endpoint%20%2Fpage%0A%60%60%60&labels=Turbopack,Turbopack%20Panic%20Backtrace
-----

 GET / 500 in 68ms (compile: 27ms, proxy.ts: 13ms, render: 29ms)
